<?xml version="1.0" encoding="UTF-8"?>
<testsuite name="MoodAnalyserTest" tests="3" skipped="0" failures="0" errors="0" timestamp="2020-04-02T06:05:26" hostname="Sagar" time="0.059">
  <properties/>
  <testcase name="msgReturnNull" classname="MoodAnalyserTest" time="0.048"/>
  <testcase name="returnMsgSad" classname="MoodAnalyserTest" time="0.002"/>
  <testcase name="msgReturnHappy" classname="MoodAnalyserTest" time="0.001"/>
  <system-out><![CDATA[]]></system-out>
  <system-err><![CDATA[]]></system-err>
</testsuite>
