<?xml version="1.0" encoding="UTF-8"?>
<testsuite name="MoodAnalyserTest" tests="1" skipped="0" failures="0" errors="0" timestamp="2020-04-02T08:31:10" hostname="Sagar" time="0.008">
  <properties/>
  <testcase name="givenNullMood_ShouldThrowCustomExceptionWithExceptionType" classname="MoodAnalyserTest" time="0.008"/>
  <system-out><![CDATA[]]></system-out>
  <system-err><![CDATA[]]></system-err>
</testsuite>
