<?xml version="1.0" encoding="UTF-8"?>
<testsuite name="MoodAnalyserTest" tests="1" skipped="0" failures="0" errors="0" timestamp="2020-04-03T07:03:54" hostname="Sagar" time="0.045">
  <properties/>
  <testcase name="givenMoodAnalyserWithParameterConstructor_WhenProper_ShouldReturnObject" classname="MoodAnalyserTest" time="0.045"/>
  <system-out><![CDATA[]]></system-out>
  <system-err><![CDATA[]]></system-err>
</testsuite>
